#-----------------------------------------------------------
# Vivado v2015.3 (64-bit)
# SW Build 1368829 on Mon Sep 28 20:06:43 MDT 2015
# IP Build 1367837 on Mon Sep 28 08:56:14 MDT 2015
# Start of session at: Wed Dec 06 15:22:27 2017
# Process ID: 6436
# Current directory: D:/digital/Digital-Experiment/student-ID-basys3
# Command line: vivado.exe -gui_launcher_event rodinguilauncherevent3064 D:\digital\Digital-Experiment\student-ID-basys3\student-ID-basys3.xpr
# Log file: D:/digital/Digital-Experiment/student-ID-basys3/vivado.log
# Journal file: D:/digital/Digital-Experiment/student-ID-basys3\vivado.jou
#-----------------------------------------------------------
start_gui
open_project D:/digital/Digital-Experiment/student-ID-basys3/student-ID-basys3.xpr
Scanning sources...
Finished scanning sources
INFO: [IP_Flow 19-234] Refreshing IP repositories
INFO: [IP_Flow 19-1700] Loaded user IP repository 'd:/digital/Digital-Experiment/source_lib/74IP'.
INFO: [IP_Flow 19-2313] Loaded Vivado IP repository 'F:/vivado/Vivado/2015.3/data/ip'.
open_run impl_1
INFO: [Netlist 29-17] Analyzing 12 Unisim elements for replacement
INFO: [Netlist 29-28] Unisim Transformation completed in 0 CPU seconds
INFO: [Project 1-479] Netlist was created with Vivado 2015.3
INFO: [Device 21-403] Loading part xc7a35tcpg236-1
INFO: [Project 1-570] Preparing netlist for logic optimization
Parsing XDC File [D:/digital/Digital-Experiment/student-ID-basys3/.Xil/Vivado-6436-SiriusPC/dcp/STU_ID_BASYS3_wrapper.xdc]
Finished Parsing XDC File [D:/digital/Digital-Experiment/student-ID-basys3/.Xil/Vivado-6436-SiriusPC/dcp/STU_ID_BASYS3_wrapper.xdc]
Reading XDEF placement.
Reading placer database...
Reading XDEF routing.
Read XDEF File: Time (s): cpu = 00:00:00 ; elapsed = 00:00:00.050 . Memory (MB): peak = 966.594 ; gain = 0.039
Restored from archive | CPU: 0.000000 secs | Memory: 0.000000 MB |
Finished XDEF File Restore: Time (s): cpu = 00:00:00 ; elapsed = 00:00:00.050 . Memory (MB): peak = 966.594 ; gain = 0.039
INFO: [Project 1-111] Unisim Transformation Summary:
  A total of 1 instances were transformed.
  IOBUF => IOBUF (IBUF, OBUFT): 1 instances

WARNING: [Timing 38-313] There are no user specified timing constraints. Timing constraints are needed for proper timing analysis.
exit
INFO: [Common 17-206] Exiting Vivado at Wed Dec 06 18:06:53 2017...
