#-----------------------------------------------------------
# Vivado v2015.3 (64-bit)
# SW Build 1368829 on Mon Sep 28 20:06:43 MDT 2015
# IP Build 1367837 on Mon Sep 28 08:56:14 MDT 2015
# Start of session at: Sun Dec 10 11:41:37 2017
# Process ID: 796
# Current directory: D:/digital/Digital-Experiment/student-ID-basys3
# Command line: vivado.exe -gui_launcher_event rodinguilauncherevent5872 D:\digital\Digital-Experiment\student-ID-basys3\student-ID-basys3.xpr
# Log file: D:/digital/Digital-Experiment/student-ID-basys3/vivado.log
# Journal file: D:/digital/Digital-Experiment/student-ID-basys3\vivado.jou
#-----------------------------------------------------------
start_gui
open_project D:/digital/Digital-Experiment/student-ID-basys3/student-ID-basys3.xpr
Scanning sources...
Finished scanning sources
INFO: [IP_Flow 19-234] Refreshing IP repositories
INFO: [IP_Flow 19-1700] Loaded user IP repository 'd:/digital/Digital-Experiment/source_lib/74IP'.
INFO: [IP_Flow 19-2313] Loaded Vivado IP repository 'F:/vivado/Vivado/2015.3/data/ip'.
open_bd_design {D:/digital/Digital-Experiment/student-ID-basys3/student-ID-basys3.srcs/sources_1/bd/STU_ID_BASYS3/STU_ID_BASYS3.bd}
Adding component instance block -- xilinx.com:XUP:decode138:1.0 - decode138_0
Adding component instance block -- xilinx.com:xup:BCD2SEG7:1.0 - BCD2SEG7_0
Adding component instance block -- xilinx.com:xup:clk_div:1.0 - clk_div_0
Adding component instance block -- xilinx.com:xup:decimal_counter:1.0 - decimal_counter_0
Adding component instance block -- xilinx.com:XUP:decode138:1.0 - decode138_1
Adding component instance block -- xilinx.com:XUP:six_not_gate:1.0 - six_not_gate_0
Adding component instance block -- xilinx.com:XUP:four_2_input_or_gate:1.0 - four_2_input_or_gate_0
Adding component instance block -- xilinx.com:XUP:four_2_input_and_gate:1.0 - four_2_input_and_gate_0
Adding component instance block -- xilinx.com:XUP:six_not_gate:1.0 - six_not_gate_1
Adding component instance block -- xilinx.com:XUP:two_4_input_nand_gate:1.0 - two_4_input_nand_gate_0
Successfully read diagram <STU_ID_BASYS3> from BD file <D:/digital/Digital-Experiment/student-ID-basys3/student-ID-basys3.srcs/sources_1/bd/STU_ID_BASYS3/STU_ID_BASYS3.bd>
exit
INFO: [Common 17-206] Exiting Vivado at Sun Dec 10 12:33:44 2017...
