
*** Running vivado
    with args -log ALU_1_wrapper.vds -m64 -mode batch -messageDb vivado.pb -notrace -source ALU_1_wrapper.tcl


****** Vivado v2015.3 (64-bit)
  **** SW Build 1368829 on Mon Sep 28 20:06:43 MDT 2015
  **** IP Build 1367837 on Mon Sep 28 08:56:14 MDT 2015
    ** Copyright 1986-2015 Xilinx, Inc. All Rights Reserved.

source ALU_1_wrapper.tcl -notrace
INFO: [IP_Flow 19-234] Refreshing IP repositories
INFO: [IP_Flow 19-1700] Loaded user IP repository 'd:/digital/Digital-Experiment/source_lib'.
INFO: [IP_Flow 19-2313] Loaded Vivado IP repository 'F:/vivado/Vivado/2015.3/data/ip'.
Command: synth_design -top ALU_1_wrapper -part xc7a35tcpg236-1
Starting synth_design
Attempting to get a license for feature 'Synthesis' and/or device 'xc7a35t'
INFO: [Common 17-349] Got license for feature 'Synthesis' and/or device 'xc7a35t'
INFO: [Common 17-86] Your Synthesis license expires in 12 day(s)
---------------------------------------------------------------------------------
Starting RTL Elaboration : Time (s): cpu = 00:00:05 ; elapsed = 00:00:05 . Memory (MB): peak = 278.668 ; gain = 107.406
---------------------------------------------------------------------------------
INFO: [Synth 8-638] synthesizing module 'ALU_1_wrapper' [D:/digital/Digital-Experiment/ALU_1/ALU_1.srcs/sources_1/bd/ALU_1/hdl/ALU_1_wrapper.v:12]
INFO: [Synth 8-638] synthesizing module 'ALU_1' [D:/digital/Digital-Experiment/ALU_1/ALU_1.srcs/sources_1/bd/ALU_1/hdl/ALU_1.v:13]
INFO: [Synth 8-638] synthesizing module 'ALU_1_decode138_0_0' [d:/digital/Digital-Experiment/ALU_1/ALU_1.srcs/sources_1/bd/ALU_1/ip/ALU_1_decode138_0_0/synth/ALU_1_decode138_0_0.v:57]
INFO: [Synth 8-638] synthesizing module 'decode138' [d:/digital/Digital-Experiment/ALU_1/ALU_1.srcs/sources_1/bd/ALU_1/ipshared/xilinx.com/decode138_v1_0/decode138.v:23]
INFO: [Synth 8-256] done synthesizing module 'decode138' (1#1) [d:/digital/Digital-Experiment/ALU_1/ALU_1.srcs/sources_1/bd/ALU_1/ipshared/xilinx.com/decode138_v1_0/decode138.v:23]
INFO: [Synth 8-256] done synthesizing module 'ALU_1_decode138_0_0' (2#1) [d:/digital/Digital-Experiment/ALU_1/ALU_1.srcs/sources_1/bd/ALU_1/ip/ALU_1_decode138_0_0/synth/ALU_1_decode138_0_0.v:57]
WARNING: [Synth 8-350] instance 'decode138_0' of module 'ALU_1_decode138_0_0' requires 14 connections, but only 13 given [D:/digital/Digital-Experiment/ALU_1/ALU_1.srcs/sources_1/bd/ALU_1/hdl/ALU_1.v:91]
INFO: [Synth 8-638] synthesizing module 'ALU_1_decode138_0_1' [d:/digital/Digital-Experiment/ALU_1/ALU_1.srcs/sources_1/bd/ALU_1/ip/ALU_1_decode138_0_1/synth/ALU_1_decode138_0_1.v:57]
INFO: [Synth 8-256] done synthesizing module 'ALU_1_decode138_0_1' (3#1) [d:/digital/Digital-Experiment/ALU_1/ALU_1.srcs/sources_1/bd/ALU_1/ip/ALU_1_decode138_0_1/synth/ALU_1_decode138_0_1.v:57]
WARNING: [Synth 8-350] instance 'decode138_1' of module 'ALU_1_decode138_0_1' requires 14 connections, but only 11 given [D:/digital/Digital-Experiment/ALU_1/ALU_1.srcs/sources_1/bd/ALU_1/hdl/ALU_1.v:105]
INFO: [Synth 8-638] synthesizing module 'ALU_1_four_2_input_and_gate_0_0' [d:/digital/Digital-Experiment/ALU_1/ALU_1.srcs/sources_1/bd/ALU_1/ip/ALU_1_four_2_input_and_gate_0_0/synth/ALU_1_four_2_input_and_gate_0_0.v:57]
INFO: [Synth 8-638] synthesizing module 'four_2_input_and_gate' [d:/digital/Digital-Experiment/ALU_1/ALU_1.srcs/sources_1/bd/ALU_1/ipshared/xilinx.com/four_2_input_and_gate_v1_0/four_2_input_and_gate.v:23]
	Parameter Delay bound to: 0 - type: integer 
INFO: [Synth 8-256] done synthesizing module 'four_2_input_and_gate' (4#1) [d:/digital/Digital-Experiment/ALU_1/ALU_1.srcs/sources_1/bd/ALU_1/ipshared/xilinx.com/four_2_input_and_gate_v1_0/four_2_input_and_gate.v:23]
INFO: [Synth 8-256] done synthesizing module 'ALU_1_four_2_input_and_gate_0_0' (5#1) [d:/digital/Digital-Experiment/ALU_1/ALU_1.srcs/sources_1/bd/ALU_1/ip/ALU_1_four_2_input_and_gate_0_0/synth/ALU_1_four_2_input_and_gate_0_0.v:57]
INFO: [Synth 8-638] synthesizing module 'ALU_1_four_2_input_and_gate_0_1' [d:/digital/Digital-Experiment/ALU_1/ALU_1.srcs/sources_1/bd/ALU_1/ip/ALU_1_four_2_input_and_gate_0_1/synth/ALU_1_four_2_input_and_gate_0_1.v:57]
INFO: [Synth 8-256] done synthesizing module 'ALU_1_four_2_input_and_gate_0_1' (6#1) [d:/digital/Digital-Experiment/ALU_1/ALU_1.srcs/sources_1/bd/ALU_1/ip/ALU_1_four_2_input_and_gate_0_1/synth/ALU_1_four_2_input_and_gate_0_1.v:57]
INFO: [Synth 8-638] synthesizing module 'ALU_1_four_2_input_and_gate_0_2' [d:/digital/Digital-Experiment/ALU_1/ALU_1.srcs/sources_1/bd/ALU_1/ip/ALU_1_four_2_input_and_gate_0_2/synth/ALU_1_four_2_input_and_gate_0_2.v:57]
INFO: [Synth 8-256] done synthesizing module 'ALU_1_four_2_input_and_gate_0_2' (7#1) [d:/digital/Digital-Experiment/ALU_1/ALU_1.srcs/sources_1/bd/ALU_1/ip/ALU_1_four_2_input_and_gate_0_2/synth/ALU_1_four_2_input_and_gate_0_2.v:57]
INFO: [Synth 8-638] synthesizing module 'ALU_1_four_2_input_and_gate_0_4' [d:/digital/Digital-Experiment/ALU_1/ALU_1.srcs/sources_1/bd/ALU_1/ip/ALU_1_four_2_input_and_gate_0_4/synth/ALU_1_four_2_input_and_gate_0_4.v:57]
INFO: [Synth 8-256] done synthesizing module 'ALU_1_four_2_input_and_gate_0_4' (8#1) [d:/digital/Digital-Experiment/ALU_1/ALU_1.srcs/sources_1/bd/ALU_1/ip/ALU_1_four_2_input_and_gate_0_4/synth/ALU_1_four_2_input_and_gate_0_4.v:57]
WARNING: [Synth 8-350] instance 'four_2_input_and_gate_3' of module 'ALU_1_four_2_input_and_gate_0_4' requires 12 connections, but only 11 given [D:/digital/Digital-Experiment/ALU_1/ALU_1.srcs/sources_1/bd/ALU_1/hdl/ALU_1.v:156]
INFO: [Synth 8-638] synthesizing module 'ALU_1_four_2_input_or_gate_0_0' [d:/digital/Digital-Experiment/ALU_1/ALU_1.srcs/sources_1/bd/ALU_1/ip/ALU_1_four_2_input_or_gate_0_0/synth/ALU_1_four_2_input_or_gate_0_0.v:57]
INFO: [Synth 8-638] synthesizing module 'four_2_input_or_gate' [d:/digital/Digital-Experiment/ALU_1/ALU_1.srcs/sources_1/bd/ALU_1/ipshared/xilinx.com/four_2_input_or_gate_v1_0/four_2_input_or_gate.v:23]
	Parameter Delay bound to: 0 - type: integer 
INFO: [Synth 8-256] done synthesizing module 'four_2_input_or_gate' (9#1) [d:/digital/Digital-Experiment/ALU_1/ALU_1.srcs/sources_1/bd/ALU_1/ipshared/xilinx.com/four_2_input_or_gate_v1_0/four_2_input_or_gate.v:23]
INFO: [Synth 8-256] done synthesizing module 'ALU_1_four_2_input_or_gate_0_0' (10#1) [d:/digital/Digital-Experiment/ALU_1/ALU_1.srcs/sources_1/bd/ALU_1/ip/ALU_1_four_2_input_or_gate_0_0/synth/ALU_1_four_2_input_or_gate_0_0.v:57]
WARNING: [Synth 8-350] instance 'four_2_input_or_gate_0' of module 'ALU_1_four_2_input_or_gate_0_0' requires 12 connections, but only 10 given [D:/digital/Digital-Experiment/ALU_1/ALU_1.srcs/sources_1/bd/ALU_1/hdl/ALU_1.v:168]
INFO: [Synth 8-638] synthesizing module 'ALU_1_mux_8_to_1_0_0' [d:/digital/Digital-Experiment/ALU_1/ALU_1.srcs/sources_1/bd/ALU_1/ip/ALU_1_mux_8_to_1_0_0/synth/ALU_1_mux_8_to_1_0_0.v:57]
INFO: [Synth 8-638] synthesizing module 'mux_8_to_1' [d:/digital/Digital-Experiment/ALU_1/ALU_1.srcs/sources_1/bd/ALU_1/ipshared/xilinx.com/mux_8_to_1_v1_0/mux_8_to_1.v:23]
INFO: [Synth 8-256] done synthesizing module 'mux_8_to_1' (11#1) [d:/digital/Digital-Experiment/ALU_1/ALU_1.srcs/sources_1/bd/ALU_1/ipshared/xilinx.com/mux_8_to_1_v1_0/mux_8_to_1.v:23]
INFO: [Synth 8-256] done synthesizing module 'ALU_1_mux_8_to_1_0_0' (12#1) [d:/digital/Digital-Experiment/ALU_1/ALU_1.srcs/sources_1/bd/ALU_1/ip/ALU_1_mux_8_to_1_0_0/synth/ALU_1_mux_8_to_1_0_0.v:57]
WARNING: [Synth 8-350] instance 'mux_8_to_1_0' of module 'ALU_1_mux_8_to_1_0_0' requires 14 connections, but only 13 given [D:/digital/Digital-Experiment/ALU_1/ALU_1.srcs/sources_1/bd/ALU_1/hdl/ALU_1.v:179]
INFO: [Synth 8-638] synthesizing module 'ALU_1_mux_8_to_1_0_1' [d:/digital/Digital-Experiment/ALU_1/ALU_1.srcs/sources_1/bd/ALU_1/ip/ALU_1_mux_8_to_1_0_1/synth/ALU_1_mux_8_to_1_0_1.v:57]
INFO: [Synth 8-256] done synthesizing module 'ALU_1_mux_8_to_1_0_1' (13#1) [d:/digital/Digital-Experiment/ALU_1/ALU_1.srcs/sources_1/bd/ALU_1/ip/ALU_1_mux_8_to_1_0_1/synth/ALU_1_mux_8_to_1_0_1.v:57]
WARNING: [Synth 8-350] instance 'mux_8_to_1_1' of module 'ALU_1_mux_8_to_1_0_1' requires 14 connections, but only 13 given [D:/digital/Digital-Experiment/ALU_1/ALU_1.srcs/sources_1/bd/ALU_1/hdl/ALU_1.v:193]
INFO: [Synth 8-638] synthesizing module 'ALU_1_six_not_gate_0_0' [d:/digital/Digital-Experiment/ALU_1/ALU_1.srcs/sources_1/bd/ALU_1/ip/ALU_1_six_not_gate_0_0/synth/ALU_1_six_not_gate_0_0.v:57]
INFO: [Synth 8-638] synthesizing module 'six_not_gate' [d:/digital/Digital-Experiment/ALU_1/ALU_1.srcs/sources_1/bd/ALU_1/ipshared/xilinx.com/six_not_gate_v1_0/six_not_gate.v:23]
	Parameter Delay bound to: 0 - type: integer 
INFO: [Synth 8-256] done synthesizing module 'six_not_gate' (14#1) [d:/digital/Digital-Experiment/ALU_1/ALU_1.srcs/sources_1/bd/ALU_1/ipshared/xilinx.com/six_not_gate_v1_0/six_not_gate.v:23]
INFO: [Synth 8-256] done synthesizing module 'ALU_1_six_not_gate_0_0' (15#1) [d:/digital/Digital-Experiment/ALU_1/ALU_1.srcs/sources_1/bd/ALU_1/ip/ALU_1_six_not_gate_0_0/synth/ALU_1_six_not_gate_0_0.v:57]
WARNING: [Synth 8-350] instance 'six_not_gate_0' of module 'ALU_1_six_not_gate_0_0' requires 12 connections, but only 10 given [D:/digital/Digital-Experiment/ALU_1/ALU_1.srcs/sources_1/bd/ALU_1/hdl/ALU_1.v:207]
INFO: [Synth 8-638] synthesizing module 'ALU_1_six_not_gate_0_1' [d:/digital/Digital-Experiment/ALU_1/ALU_1.srcs/sources_1/bd/ALU_1/ip/ALU_1_six_not_gate_0_1/synth/ALU_1_six_not_gate_0_1.v:57]
INFO: [Synth 8-256] done synthesizing module 'ALU_1_six_not_gate_0_1' (16#1) [d:/digital/Digital-Experiment/ALU_1/ALU_1.srcs/sources_1/bd/ALU_1/ip/ALU_1_six_not_gate_0_1/synth/ALU_1_six_not_gate_0_1.v:57]
WARNING: [Synth 8-350] instance 'six_not_gate_1' of module 'ALU_1_six_not_gate_0_1' requires 12 connections, but only 8 given [D:/digital/Digital-Experiment/ALU_1/ALU_1.srcs/sources_1/bd/ALU_1/hdl/ALU_1.v:218]
INFO: [Synth 8-638] synthesizing module 'ALU_1_six_not_gate_1_0' [d:/digital/Digital-Experiment/ALU_1/ALU_1.srcs/sources_1/bd/ALU_1/ip/ALU_1_six_not_gate_1_0/synth/ALU_1_six_not_gate_1_0.v:57]
INFO: [Synth 8-256] done synthesizing module 'ALU_1_six_not_gate_1_0' (17#1) [d:/digital/Digital-Experiment/ALU_1/ALU_1.srcs/sources_1/bd/ALU_1/ip/ALU_1_six_not_gate_1_0/synth/ALU_1_six_not_gate_1_0.v:57]
WARNING: [Synth 8-350] instance 'six_not_gate_2' of module 'ALU_1_six_not_gate_1_0' requires 12 connections, but only 10 given [D:/digital/Digital-Experiment/ALU_1/ALU_1.srcs/sources_1/bd/ALU_1/hdl/ALU_1.v:227]
INFO: [Synth 8-256] done synthesizing module 'ALU_1' (18#1) [D:/digital/Digital-Experiment/ALU_1/ALU_1.srcs/sources_1/bd/ALU_1/hdl/ALU_1.v:13]
INFO: [Synth 8-256] done synthesizing module 'ALU_1_wrapper' (19#1) [D:/digital/Digital-Experiment/ALU_1/ALU_1.srcs/sources_1/bd/ALU_1/hdl/ALU_1_wrapper.v:12]
---------------------------------------------------------------------------------
Finished RTL Elaboration : Time (s): cpu = 00:00:05 ; elapsed = 00:00:06 . Memory (MB): peak = 316.023 ; gain = 144.762
---------------------------------------------------------------------------------

Report Check Netlist: 
+------+------------------+-------+---------+-------+------------------+
|      |Item              |Errors |Warnings |Status |Description       |
+------+------------------+-------+---------+-------+------------------+
|1     |multi_driven_nets |      0|        0|Passed |Multi driven nets |
+------+------------------+-------+---------+-------+------------------+
---------------------------------------------------------------------------------
Finished RTL Optimization Phase 1 : Time (s): cpu = 00:00:05 ; elapsed = 00:00:06 . Memory (MB): peak = 316.023 ; gain = 144.762
---------------------------------------------------------------------------------
INFO: [Device 21-403] Loading part xc7a35tcpg236-1
INFO: [Project 1-570] Preparing netlist for logic optimization

Processing XDC Constraints
Initializing timing engine
Parsing XDC File [D:/digital/Digital-Experiment/ALU_1/ALU_1.srcs/constrs_1/new/ALU_1.xdc]
Finished Parsing XDC File [D:/digital/Digital-Experiment/ALU_1/ALU_1.srcs/constrs_1/new/ALU_1.xdc]
INFO: [Project 1-236] Implementation specific constraints were found while reading constraint file [D:/digital/Digital-Experiment/ALU_1/ALU_1.srcs/constrs_1/new/ALU_1.xdc]. These constraints will be ignored for synthesis but will be used in implementation. Impacted constraints are listed in the file [.Xil/ALU_1_wrapper_propImpl.xdc].
Resolution: To avoid this warning, move constraints listed in [.Xil/ALU_1_wrapper_propImpl.xdc] to another XDC file and exclude this new file from synthesis with the used_in_synthesis property (File Properties dialog in GUI) and re-run elaboration/synthesis.
Parsing XDC File [D:/digital/Digital-Experiment/ALU_1/ALU_1.runs/synth_1/dont_touch.xdc]
Finished Parsing XDC File [D:/digital/Digital-Experiment/ALU_1/ALU_1.runs/synth_1/dont_touch.xdc]
Completed Processing XDC Constraints

INFO: [Project 1-111] Unisim Transformation Summary:
No Unisim elements were transformed.

Constraint Validation Runtime : Time (s): cpu = 00:00:00 ; elapsed = 00:00:00.004 . Memory (MB): peak = 587.008 ; gain = 0.000
---------------------------------------------------------------------------------
Finished Constraint Validation : Time (s): cpu = 00:00:10 ; elapsed = 00:00:11 . Memory (MB): peak = 587.008 ; gain = 415.746
---------------------------------------------------------------------------------
---------------------------------------------------------------------------------
Start Loading Part and Timing Information
---------------------------------------------------------------------------------
Loading part: xc7a35tcpg236-1
---------------------------------------------------------------------------------
Finished Loading Part and Timing Information : Time (s): cpu = 00:00:10 ; elapsed = 00:00:11 . Memory (MB): peak = 587.008 ; gain = 415.746
---------------------------------------------------------------------------------
---------------------------------------------------------------------------------
Start Applying 'set_property' XDC Constraints
---------------------------------------------------------------------------------
Applied set_property DONT_TOUCH = true for ALU_1_i. (constraint file  auto generated constraint, line ).
Applied set_property DONT_TOUCH = true for ALU_1_i/decode138_0. (constraint file  auto generated constraint, line ).
Applied set_property DONT_TOUCH = true for ALU_1_i/decode138_1. (constraint file  auto generated constraint, line ).
Applied set_property DONT_TOUCH = true for ALU_1_i/four_2_input_and_gate_0. (constraint file  auto generated constraint, line ).
Applied set_property DONT_TOUCH = true for ALU_1_i/four_2_input_and_gate_1. (constraint file  auto generated constraint, line ).
Applied set_property DONT_TOUCH = true for ALU_1_i/four_2_input_and_gate_2. (constraint file  auto generated constraint, line ).
Applied set_property DONT_TOUCH = true for ALU_1_i/four_2_input_and_gate_3. (constraint file  auto generated constraint, line ).
Applied set_property DONT_TOUCH = true for ALU_1_i/four_2_input_or_gate_0. (constraint file  auto generated constraint, line ).
Applied set_property DONT_TOUCH = true for ALU_1_i/mux_8_to_1_0. (constraint file  auto generated constraint, line ).
Applied set_property DONT_TOUCH = true for ALU_1_i/mux_8_to_1_1. (constraint file  auto generated constraint, line ).
Applied set_property DONT_TOUCH = true for ALU_1_i/six_not_gate_0. (constraint file  auto generated constraint, line ).
Applied set_property DONT_TOUCH = true for ALU_1_i/six_not_gate_1. (constraint file  auto generated constraint, line ).
Applied set_property DONT_TOUCH = true for ALU_1_i/six_not_gate_2. (constraint file  auto generated constraint, line ).
---------------------------------------------------------------------------------
Finished applying 'set_property' XDC Constraints : Time (s): cpu = 00:00:10 ; elapsed = 00:00:11 . Memory (MB): peak = 587.008 ; gain = 415.746
---------------------------------------------------------------------------------
INFO: [Synth 8-5544] ROM "y" won't be mapped to Block RAM because address size (3) smaller than threshold (5)
INFO: [Synth 8-5544] ROM "y" won't be mapped to Block RAM because address size (3) smaller than threshold (5)
INFO: [Synth 8-5544] ROM "y" won't be mapped to Block RAM because address size (3) smaller than threshold (5)
INFO: [Synth 8-5544] ROM "y" won't be mapped to Block RAM because address size (3) smaller than threshold (5)
INFO: [Synth 8-5544] ROM "y" won't be mapped to Block RAM because address size (3) smaller than threshold (5)
INFO: [Synth 8-5544] ROM "y" won't be mapped to Block RAM because address size (3) smaller than threshold (5)
INFO: [Synth 8-5544] ROM "y" won't be mapped to Block RAM because address size (3) smaller than threshold (5)
INFO: [Synth 8-5544] ROM "y" won't be mapped to Block RAM because address size (3) smaller than threshold (5)
---------------------------------------------------------------------------------
Finished RTL Optimization Phase 2 : Time (s): cpu = 00:00:11 ; elapsed = 00:00:11 . Memory (MB): peak = 587.008 ; gain = 415.746
---------------------------------------------------------------------------------

Report RTL Partitions: 
+-+--------------+------------+----------+
| |RTL Partition |Replication |Instances |
+-+--------------+------------+----------+
+-+--------------+------------+----------+
---------------------------------------------------------------------------------
Start RTL Component Statistics 
---------------------------------------------------------------------------------
Detailed RTL Component Info : 
+---Muxes : 
	   2 Input      8 Bit        Muxes := 2     
	   2 Input      1 Bit        Muxes := 16    
---------------------------------------------------------------------------------
Finished RTL Component Statistics 
---------------------------------------------------------------------------------
---------------------------------------------------------------------------------
Start RTL Hierarchical Component Statistics 
---------------------------------------------------------------------------------
Hierarchical RTL Component report 
Module decode138 
Detailed RTL Component Info : 
+---Muxes : 
	   2 Input      8 Bit        Muxes := 1     
	   2 Input      1 Bit        Muxes := 8     
---------------------------------------------------------------------------------
Finished RTL Hierarchical Component Statistics
---------------------------------------------------------------------------------
---------------------------------------------------------------------------------
Start Part Resource Summary
---------------------------------------------------------------------------------
Part Resources:
DSPs: 90 (col length:60)
BRAMs: 100 (col length: RAMB18 60 RAMB36 30)
---------------------------------------------------------------------------------
Finished Part Resource Summary
---------------------------------------------------------------------------------
Start Parallel Synthesis Optimization  : Time (s): cpu = 00:00:11 ; elapsed = 00:00:12 . Memory (MB): peak = 587.008 ; gain = 415.746
---------------------------------------------------------------------------------
Start Cross Boundary Optimization
---------------------------------------------------------------------------------
INFO: [Synth 8-5544] ROM "inst/y" won't be mapped to Block RAM because address size (3) smaller than threshold (5)
INFO: [Synth 8-5544] ROM "inst/y" won't be mapped to Block RAM because address size (3) smaller than threshold (5)
INFO: [Synth 8-5544] ROM "inst/y" won't be mapped to Block RAM because address size (3) smaller than threshold (5)
INFO: [Synth 8-5544] ROM "inst/y" won't be mapped to Block RAM because address size (3) smaller than threshold (5)
INFO: [Synth 8-5544] ROM "inst/y" won't be mapped to Block RAM because address size (3) smaller than threshold (5)
INFO: [Synth 8-5544] ROM "inst/y" won't be mapped to Block RAM because address size (3) smaller than threshold (5)
INFO: [Synth 8-5544] ROM "inst/y" won't be mapped to Block RAM because address size (3) smaller than threshold (5)
INFO: [Synth 8-5544] ROM "inst/y" won't be mapped to Block RAM because address size (3) smaller than threshold (5)
INFO: [Synth 8-5544] ROM "inst/y" won't be mapped to Block RAM because address size (3) smaller than threshold (5)
INFO: [Synth 8-5544] ROM "inst/y" won't be mapped to Block RAM because address size (3) smaller than threshold (5)
INFO: [Synth 8-5544] ROM "inst/y" won't be mapped to Block RAM because address size (3) smaller than threshold (5)
INFO: [Synth 8-5544] ROM "inst/y" won't be mapped to Block RAM because address size (3) smaller than threshold (5)
INFO: [Synth 8-5544] ROM "inst/y" won't be mapped to Block RAM because address size (3) smaller than threshold (5)
INFO: [Synth 8-5544] ROM "inst/y" won't be mapped to Block RAM because address size (3) smaller than threshold (5)
INFO: [Synth 8-5544] ROM "inst/y" won't be mapped to Block RAM because address size (3) smaller than threshold (5)
INFO: [Synth 8-5544] ROM "inst/y" won't be mapped to Block RAM because address size (3) smaller than threshold (5)
---------------------------------------------------------------------------------
Finished Cross Boundary Optimization : Time (s): cpu = 00:00:11 ; elapsed = 00:00:12 . Memory (MB): peak = 587.008 ; gain = 415.746
---------------------------------------------------------------------------------
Finished Parallel Reinference  : Time (s): cpu = 00:00:11 ; elapsed = 00:00:12 . Memory (MB): peak = 587.008 ; gain = 415.746

Report RTL Partitions: 
+-+--------------+------------+----------+
| |RTL Partition |Replication |Instances |
+-+--------------+------------+----------+
+-+--------------+------------+----------+
---------------------------------------------------------------------------------
Start Area Optimization
---------------------------------------------------------------------------------
---------------------------------------------------------------------------------
Finished Area Optimization : Time (s): cpu = 00:00:11 ; elapsed = 00:00:12 . Memory (MB): peak = 587.008 ; gain = 415.746
---------------------------------------------------------------------------------
Finished Parallel Area Optimization  : Time (s): cpu = 00:00:11 ; elapsed = 00:00:12 . Memory (MB): peak = 587.008 ; gain = 415.746

Report RTL Partitions: 
+-+--------------+------------+----------+
| |RTL Partition |Replication |Instances |
+-+--------------+------------+----------+
+-+--------------+------------+----------+
---------------------------------------------------------------------------------
Start Timing Optimization
---------------------------------------------------------------------------------
---------------------------------------------------------------------------------
Start Applying XDC Timing Constraints
---------------------------------------------------------------------------------
---------------------------------------------------------------------------------
Finished Applying XDC Timing Constraints : Time (s): cpu = 00:00:18 ; elapsed = 00:00:19 . Memory (MB): peak = 587.008 ; gain = 415.746
---------------------------------------------------------------------------------
---------------------------------------------------------------------------------
Finished Timing Optimization : Time (s): cpu = 00:00:18 ; elapsed = 00:00:19 . Memory (MB): peak = 587.008 ; gain = 415.746
---------------------------------------------------------------------------------
Finished Parallel Timing Optimization  : Time (s): cpu = 00:00:18 ; elapsed = 00:00:19 . Memory (MB): peak = 587.008 ; gain = 415.746

Report RTL Partitions: 
+-+--------------+------------+----------+
| |RTL Partition |Replication |Instances |
+-+--------------+------------+----------+
+-+--------------+------------+----------+
Finished Parallel Synthesis Optimization  : Time (s): cpu = 00:00:18 ; elapsed = 00:00:19 . Memory (MB): peak = 587.008 ; gain = 415.746
---------------------------------------------------------------------------------
Start Technology Mapping
---------------------------------------------------------------------------------
---------------------------------------------------------------------------------
Finished Technology Mapping : Time (s): cpu = 00:00:18 ; elapsed = 00:00:19 . Memory (MB): peak = 587.008 ; gain = 415.746
---------------------------------------------------------------------------------

Report RTL Partitions: 
+-+--------------+------------+----------+
| |RTL Partition |Replication |Instances |
+-+--------------+------------+----------+
+-+--------------+------------+----------+
---------------------------------------------------------------------------------
Start IO Insertion
---------------------------------------------------------------------------------
---------------------------------------------------------------------------------
Start Flattening Before IO Insertion
---------------------------------------------------------------------------------
---------------------------------------------------------------------------------
Finished Flattening Before IO Insertion
---------------------------------------------------------------------------------
---------------------------------------------------------------------------------
Start Final Netlist Cleanup
---------------------------------------------------------------------------------
---------------------------------------------------------------------------------
Finished Final Netlist Cleanup
---------------------------------------------------------------------------------
---------------------------------------------------------------------------------
Finished IO Insertion : Time (s): cpu = 00:00:19 ; elapsed = 00:00:20 . Memory (MB): peak = 587.008 ; gain = 415.746
---------------------------------------------------------------------------------

Report Check Netlist: 
+------+------------------+-------+---------+-------+------------------+
|      |Item              |Errors |Warnings |Status |Description       |
+------+------------------+-------+---------+-------+------------------+
|1     |multi_driven_nets |      0|        0|Passed |Multi driven nets |
+------+------------------+-------+---------+-------+------------------+
---------------------------------------------------------------------------------
Start Renaming Generated Instances
---------------------------------------------------------------------------------
---------------------------------------------------------------------------------
Finished Renaming Generated Instances : Time (s): cpu = 00:00:19 ; elapsed = 00:00:20 . Memory (MB): peak = 587.008 ; gain = 415.746
---------------------------------------------------------------------------------

Report RTL Partitions: 
+-+--------------+------------+----------+
| |RTL Partition |Replication |Instances |
+-+--------------+------------+----------+
+-+--------------+------------+----------+
---------------------------------------------------------------------------------
Start Rebuilding User Hierarchy
---------------------------------------------------------------------------------
---------------------------------------------------------------------------------
Finished Rebuilding User Hierarchy : Time (s): cpu = 00:00:19 ; elapsed = 00:00:20 . Memory (MB): peak = 587.008 ; gain = 415.746
---------------------------------------------------------------------------------
---------------------------------------------------------------------------------
Start Renaming Generated Ports
---------------------------------------------------------------------------------
---------------------------------------------------------------------------------
Finished Renaming Generated Ports : Time (s): cpu = 00:00:19 ; elapsed = 00:00:20 . Memory (MB): peak = 587.008 ; gain = 415.746
---------------------------------------------------------------------------------
---------------------------------------------------------------------------------
Start Handling Custom Attributes
---------------------------------------------------------------------------------
---------------------------------------------------------------------------------
Finished Handling Custom Attributes : Time (s): cpu = 00:00:19 ; elapsed = 00:00:20 . Memory (MB): peak = 587.008 ; gain = 415.746
---------------------------------------------------------------------------------
---------------------------------------------------------------------------------
Start Renaming Generated Nets
---------------------------------------------------------------------------------
---------------------------------------------------------------------------------
Finished Renaming Generated Nets : Time (s): cpu = 00:00:19 ; elapsed = 00:00:20 . Memory (MB): peak = 587.008 ; gain = 415.746
---------------------------------------------------------------------------------
---------------------------------------------------------------------------------
Start Writing Synthesis Report
---------------------------------------------------------------------------------

Report BlackBoxes: 
+-+--------------+----------+
| |BlackBox name |Instances |
+-+--------------+----------+
+-+--------------+----------+

Report Cell Usage: 
+------+-----+------+
|      |Cell |Count |
+------+-----+------+
|1     |LUT1 |    18|
|2     |LUT2 |    20|
|3     |LUT4 |     4|
|4     |LUT6 |    20|
|5     |IBUF |     7|
|6     |OBUF |     2|
+------+-----+------+

Report Instance Areas: 
+------+----------------------------+--------------------------------+------+
|      |Instance                    |Module                          |Cells |
+------+----------------------------+--------------------------------+------+
|1     |top                         |                                |    71|
|2     |  ALU_1_i                   |ALU_1                           |    62|
|3     |    decode138_0             |ALU_1_decode138_0_0             |     8|
|4     |      inst                  |decode138_0                     |     8|
|5     |    decode138_1             |ALU_1_decode138_0_1             |     8|
|6     |      inst                  |decode138                       |     8|
|7     |    four_2_input_and_gate_0 |ALU_1_four_2_input_and_gate_0_0 |     4|
|8     |    four_2_input_and_gate_1 |ALU_1_four_2_input_and_gate_0_1 |     4|
|9     |    four_2_input_and_gate_2 |ALU_1_four_2_input_and_gate_0_2 |     4|
|10    |    four_2_input_and_gate_3 |ALU_1_four_2_input_and_gate_0_4 |     4|
|11    |    four_2_input_or_gate_0  |ALU_1_four_2_input_or_gate_0_0  |     4|
|12    |    mux_8_to_1_0            |ALU_1_mux_8_to_1_0_0            |     4|
|13    |    mux_8_to_1_1            |ALU_1_mux_8_to_1_0_1            |     4|
|14    |    six_not_gate_0          |ALU_1_six_not_gate_0_0          |     6|
|15    |    six_not_gate_1          |ALU_1_six_not_gate_0_1          |     6|
|16    |    six_not_gate_2          |ALU_1_six_not_gate_1_0          |     6|
+------+----------------------------+--------------------------------+------+
---------------------------------------------------------------------------------
Finished Writing Synthesis Report : Time (s): cpu = 00:00:19 ; elapsed = 00:00:20 . Memory (MB): peak = 587.008 ; gain = 415.746
---------------------------------------------------------------------------------
Synthesis finished with 0 errors, 0 critical warnings and 0 warnings.
Synthesis Optimization Runtime : Time (s): cpu = 00:00:11 ; elapsed = 00:00:14 . Memory (MB): peak = 587.008 ; gain = 108.332
Synthesis Optimization Complete : Time (s): cpu = 00:00:19 ; elapsed = 00:00:20 . Memory (MB): peak = 587.008 ; gain = 415.746
INFO: [Project 1-571] Translating synthesized netlist
INFO: [Netlist 29-17] Analyzing 7 Unisim elements for replacement
INFO: [Netlist 29-28] Unisim Transformation completed in 0 CPU seconds
INFO: [Project 1-570] Preparing netlist for logic optimization
INFO: [Opt 31-138] Pushed 0 inverter(s) to 0 load pin(s).
INFO: [Project 1-111] Unisim Transformation Summary:
No Unisim elements were transformed.

INFO: [Common 17-83] Releasing license: Synthesis
78 Infos, 9 Warnings, 0 Critical Warnings and 0 Errors encountered.
synth_design completed successfully
synth_design: Time (s): cpu = 00:00:17 ; elapsed = 00:00:18 . Memory (MB): peak = 587.008 ; gain = 385.688
report_utilization: Time (s): cpu = 00:00:00 ; elapsed = 00:00:00.012 . Memory (MB): peak = 587.008 ; gain = 0.000
INFO: [Common 17-206] Exiting Vivado at Sun Nov 12 11:41:22 2017...
