#-----------------------------------------------------------
# Vivado v2015.3 (64-bit)
# SW Build 1368829 on Mon Sep 28 20:06:43 MDT 2015
# IP Build 1367837 on Mon Sep 28 08:56:14 MDT 2015
# Start of session at: Wed Dec 06 14:11:22 2017
# Process ID: 8784
# Current directory: D:/digital/Digital-Experiment/ALU_1
# Command line: vivado.exe -gui_launcher_event rodinguilauncherevent976 D:\digital\Digital-Experiment\ALU_1\ALU_1.xpr
# Log file: D:/digital/Digital-Experiment/ALU_1/vivado.log
# Journal file: D:/digital/Digital-Experiment/ALU_1\vivado.jou
#-----------------------------------------------------------
start_gui
open_project D:/digital/Digital-Experiment/ALU_1/ALU_1.xpr
Scanning sources...
Finished scanning sources
INFO: [IP_Flow 19-234] Refreshing IP repositories
INFO: [IP_Flow 19-1700] Loaded user IP repository 'd:/digital/Digital-Experiment/source_lib'.
INFO: [IP_Flow 19-2313] Loaded Vivado IP repository 'F:/vivado/Vivado/2015.3/data/ip'.
open_bd_design {D:/digital/Digital-Experiment/ALU_1/ALU_1.srcs/sources_1/bd/ALU_1/ALU_1.bd}
Adding component instance block -- xilinx.com:XUP:four_2_input_and_gate:1.0 - four_2_input_and_gate_0
Adding component instance block -- xilinx.com:XUP:four_2_input_or_gate:1.0 - four_2_input_or_gate_0
Adding component instance block -- xilinx.com:XUP:six_not_gate:1.0 - six_not_gate_0
Adding component instance block -- xilinx.com:xup:mux_8_to_1:1.0 - mux_8_to_1_0
Adding component instance block -- xilinx.com:XUP:decode138:1.0 - decode138_0
Adding component instance block -- xilinx.com:XUP:four_2_input_and_gate:1.0 - four_2_input_and_gate_1
Adding component instance block -- xilinx.com:XUP:decode138:1.0 - decode138_1
Adding component instance block -- xilinx.com:XUP:four_2_input_and_gate:1.0 - four_2_input_and_gate_2
Adding component instance block -- xilinx.com:xup:mux_8_to_1:1.0 - mux_8_to_1_1
Adding component instance block -- xilinx.com:XUP:four_2_input_and_gate:1.0 - four_2_input_and_gate_3
Adding component instance block -- xilinx.com:XUP:six_not_gate:1.0 - six_not_gate_1
Adding component instance block -- xilinx.com:XUP:six_not_gate:1.0 - six_not_gate_2
Successfully read diagram <ALU_1> from BD file <D:/digital/Digital-Experiment/ALU_1/ALU_1.srcs/sources_1/bd/ALU_1/ALU_1.bd>
exit
INFO: [Common 17-206] Exiting Vivado at Wed Dec 06 14:32:34 2017...
